<?xml version="1.0" encoding="UTF-8"?>
<!-- Generated by org.testng.reporters.JUnitReportReporter -->
<testsuite hostname="DESKTOP-VEGSCDL" failures="0" tests="5" name="testCases.TC003_Login_withDataDriven" time="15.362" errors="0" timestamp="2026-06-19T12:33:42 IST" skipped="0">
  <testcase classname="testCases.TC003_Login_withDataDriven" name="login_datadriven" time="4.585"/>
  <testcase classname="testCases.TC003_Login_withDataDriven" name="login_datadriven" time="1.826"/>
  <testcase classname="testCases.TC003_Login_withDataDriven" name="login_datadriven" time="4.511"/>
  <testcase classname="testCases.TC003_Login_withDataDriven" name="login_datadriven" time="2.454"/>
  <testcase classname="testCases.TC003_Login_withDataDriven" name="login_datadriven" time="1.986"/>
</testsuite> <!-- testCases.TC003_Login_withDataDriven -->
